Started at Mon Apr 24 12:11:34 UTC 2023
Processing hello-pipeline
Offering hello-pipeline to Project Build Discarder
Finished at Mon Apr 24 12:11:34 UTC 2023. 576ms
Started at Mon Apr 24 14:07:17 UTC 2023
Processing hello-pipeline
Offering hello-pipeline to Project Build Discarder
Finished at Mon Apr 24 14:07:17 UTC 2023. 305ms
Started at Mon Apr 24 15:03:23 UTC 2023
Processing hello-pipeline
Offering hello-pipeline to Project Build Discarder
Finished at Mon Apr 24 15:03:23 UTC 2023. 425ms
Started at Mon Apr 24 15:57:25 UTC 2023
Processing hello-pipeline
Offering hello-pipeline to Project Build Discarder
Finished at Mon Apr 24 15:57:26 UTC 2023. 103ms
Started at Mon Apr 24 16:51:02 UTC 2023
Processing hello-pipeline
Offering hello-pipeline to Project Build Discarder
Finished at Mon Apr 24 16:51:02 UTC 2023. 14ms
Started at Mon Apr 24 18:01:11 UTC 2023
Processing hello-pipeline
Offering hello-pipeline to Project Build Discarder
Finished at Mon Apr 24 18:01:11 UTC 2023. 189ms
Started at Mon Apr 24 18:55:19 UTC 2023
Processing hello-pipeline
Offering hello-pipeline to Project Build Discarder
Finished at Mon Apr 24 18:55:20 UTC 2023. 790ms
Started at Mon Apr 24 20:09:14 UTC 2023
Processing hello-pipeline
Offering hello-pipeline to Project Build Discarder
Finished at Mon Apr 24 20:09:14 UTC 2023. -592ms
Started at Tue Apr 25 00:55:05 UTC 2023
Processing hello-pipeline
Offering hello-pipeline to Project Build Discarder
Finished at Tue Apr 25 00:55:05 UTC 2023. 395ms
Started at Tue Apr 25 01:50:49 UTC 2023
Processing hello-pipeline
Offering hello-pipeline to Project Build Discarder
Finished at Tue Apr 25 01:50:49 UTC 2023. 538ms
Started at Tue Apr 25 02:54:06 UTC 2023
Processing hello-pipeline
Offering hello-pipeline to Project Build Discarder
Finished at Tue Apr 25 02:54:07 UTC 2023. 725ms
Started at Tue Apr 25 07:29:19 UTC 2023
Processing hello-pipeline
Offering hello-pipeline to Project Build Discarder
Finished at Tue Apr 25 07:29:21 UTC 2023. 1919ms
